#
# There is insufficient memory for the Java Runtime Environment to continue.
# Native memory allocation (malloc) failed to allocate 32744 bytes for ChunkPool::allocate
# Possible reasons:
#   The system is out of physical RAM or swap space
#   In 32 bit mode, the process size limit was hit
# Possible solutions:
#   Reduce memory load on the system
#   Increase physical memory or swap space
#   Check if swap backing store is full
#   Use 64 bit Java on a 64 bit OS
#   Decrease Java heap size (-Xmx/-Xms)
#   Decrease number of Java threads
#   Decrease Java thread stack sizes (-Xss)
#   Set larger code cache with -XX:ReservedCodeCacheSize=
# This output file may be truncated or incomplete.
#
#  Out of Memory Error (allocation.cpp:273), pid=668, tid=0x0000000000002b38
#
# JRE version: OpenJDK Runtime Environment (8.0_112-b06) (build 1.8.0_112-release-b06)
# Java VM: OpenJDK 64-Bit Server VM (25.112-b06 mixed mode windows-amd64 compressed oops)
# Failed to write core dump. Minidumps are not enabled by default on client versions of Windows
#

---------------  T H R E A D  ---------------

Current thread (0x000000001695c800):  JavaThread "C2 CompilerThread0" daemon [_thread_in_native, id=11064, stack(0x0000000018260000,0x0000000018360000)]

Stack: [0x0000000018260000,0x0000000018360000]
[error occurred during error reporting (printing stack bounds), id 0xc0000005]

Native frames: (J=compiled Java code, j=interpreted, Vv=VM code, C=native code)


Current CompileTask:
C2: 869333 12858   !   4       com.google.common.cache.LocalCache$Segment::lockedGetOrLoad (433 bytes)


---------------  P R O C E S S  ---------------

Java Threads: ( => current thread )
  0x0000000019aaf000 JavaThread "Cache update executor" [_thread_blocked, id=16164, stack(0x0000000024640000,0x0000000024740000)]
  0x0000000019ab3000 JavaThread "Stdin handler" [_thread_blocked, id=18380, stack(0x0000000024540000,0x0000000024640000)]
  0x0000000019aac000 JavaThread "Asynchronous log dispatcher for DefaultDaemonConnection: socket connection from /127.0.0.1:30163 to /127.0.0.1:31037" [_thread_blocked, id=15556, stack(0x0000000024440000,0x0000000024540000)]
  0x0000000019aad800 JavaThread "Daemon worker Thread 4" [_thread_in_vm, id=15964, stack(0x0000000024340000,0x0000000024440000)]
  0x0000000019aab800 JavaThread "Cancel handler" [_thread_blocked, id=1636, stack(0x0000000024240000,0x0000000024340000)]
  0x0000000019ab2000 JavaThread "Handler for socket connection from /127.0.0.1:30163 to /127.0.0.1:31037" [_thread_in_native, id=16492, stack(0x0000000024140000,0x0000000024240000)]
  0x0000000019ab1800 JavaThread "Daemon Thread 4" [_thread_blocked, id=25140, stack(0x0000000024040000,0x0000000024140000)]
  0x0000000019e27800 JavaThread "File lock request listener" [_thread_in_native, id=16816, stack(0x000000001bdb0000,0x000000001beb0000)]
  0x0000000019b16800 JavaThread "pool-1-thread-1" [_thread_blocked, id=12268, stack(0x000000001a6e0000,0x000000001a7e0000)]
  0x000000001958b000 JavaThread "Incoming local TCP Connector on port 30163" [_thread_in_native, id=23080, stack(0x000000001a130000,0x000000001a230000)]
  0x0000000017ce6000 JavaThread "Service Thread" daemon [_thread_blocked, id=3084, stack(0x0000000018560000,0x0000000018660000)]
  0x0000000017c78800 JavaThread "C1 CompilerThread2" daemon [_thread_blocked, id=7692, stack(0x0000000018460000,0x0000000018560000)]
  0x0000000017c69000 JavaThread "C2 CompilerThread1" daemon [_thread_in_native, id=23740, stack(0x0000000018360000,0x0000000018460000)]
=>0x000000001695c800 JavaThread "C2 CompilerThread0" daemon [_thread_in_native, id=11064, stack(0x0000000018260000,0x0000000018360000)]
  0x0000000017c68800 JavaThread "Attach Listener" daemon [_thread_blocked, id=23940, stack(0x0000000018160000,0x0000000018260000)]
  0x00000000168f6800 JavaThread "Signal Dispatcher" daemon [_thread_blocked, id=24876, stack(0x0000000018060000,0x0000000018160000)]
  0x0000000002f8c000 JavaThread "Finalizer" daemon [_thread_blocked, id=20832, stack(0x0000000017b60000,0x0000000017c60000)]
  0x0000000002f81000 JavaThread "Reference Handler" daemon [_thread_blocked, id=3836, stack(0x0000000017a60000,0x0000000017b60000)]
  0x00000000010ed800 JavaThread "main" [_thread_blocked, id=17696, stack(0x00000000029c0000,0x0000000002ac0000)]

Other Threads:
  0x00000000168c5800 VMThread [stack: 0x0000000017960000,0x0000000017a60000] [id=8388]
  0x0000000017ce6800 WatcherThread [stack: 0x0000000018660000,0x0000000018760000] [id=24400]

VM state:not at safepoint (normal execution)

VM Mutex/Monitor currently owned by a thread: None

Heap:
 PSYoungGen      total 187392K, used 97260K [0x00000000e0000000, 0x00000000ed500000, 0x0000000100000000)
  eden space 166912K, 50% used [0x00000000e0000000,0x00000000e5247578,0x00000000ea300000)
  from space 20480K, 63% used [0x00000000ec100000,0x00000000ecdb3d78,0x00000000ed500000)
  to   space 25600K, 0% used [0x00000000ea300000,0x00000000ea300000,0x00000000ebc00000)
 ParOldGen       total 173568K, used 47976K [0x00000000a0000000, 0x00000000aa980000, 0x00000000e0000000)
  object space 173568K, 27% used [0x00000000a0000000,0x00000000a2eda150,0x00000000aa980000)
 Metaspace       used 66209K, capacity 69346K, committed 69504K, reserved 1110016K
  class space    used 8699K, capacity 9322K, committed 9344K, reserved 1048576K

Card table byte_map: [0x0000000012350000,0x0000000012660000] byte_map_base: 0x0000000011e50000

Marking Bits: (ParMarkBitMap*) 0x00000000581f18f0
 Begin Bits: [0x0000000012c60000, 0x0000000014460000)
 End Bits:   [0x0000000014460000, 0x0000000015c60000)

Polling page: 0x00000000007f0000

CodeCache: size=245760Kb used=35927Kb max_used=35942Kb free=209832Kb
 bounds [0x0000000002f90000, 0x00000000052f0000, 0x0000000011f90000]
 total_blobs=11355 nmethods=10575 adapters=691
 compilation: enabled

Compilation events (10 events):
Event: 867.818 Thread 0x0000000017c69000 12853       4       org.objectweb.asm.ClassVisitor::visitMethod (24 bytes)
Event: 867.848 Thread 0x0000000017c69000 nmethod 12853 0x00000000052c6c10 code [0x00000000052c6de0, 0x00000000052c7ab8]
Event: 868.010 Thread 0x000000001695c800 12854       4       java.util.concurrent.ConcurrentLinkedQueue::offer (115 bytes)
Event: 868.013 Thread 0x000000001695c800 nmethod 12854 0x000000000340d210 code [0x000000000340d360, 0x000000000340d578]
Event: 868.737 Thread 0x0000000017c69000 12855       4       org.gradle.api.internal.tasks.compile.incremental.deps.ClassDependentsAccumulator::rememberClass (43 bytes)
Event: 868.778 Thread 0x0000000017c69000 nmethod 12855 0x0000000003672f90 code [0x0000000003673180, 0x0000000003674130]
Event: 869.034 Thread 0x000000001695c800 12856       4       org.objectweb.asm.ClassReader::a (662 bytes)
Event: 869.103 Thread 0x000000001695c800 nmethod 12856 0x00000000052dd010 code [0x00000000052dd3a0, 0x00000000052df100]
Event: 869.120 Thread 0x0000000017c69000 12857       4       org.gradle.api.internal.changedetection.state.CachingFileHasher::snapshot (100 bytes)
Event: 869.178 Thread 0x000000001695c800 12858   !   4       com.google.common.cache.LocalCache$Segment::lockedGetOrLoad (433 bytes)

GC Heap History (10 events):
Event: 665.668 GC heap before
{Heap before GC invocations=13 (full 2):
 PSYoungGen      total 142336K, used 142138K [0x00000000e0000000, 0x00000000eb700000, 0x0000000100000000)
  eden space 129536K, 100% used [0x00000000e0000000,0x00000000e7e80000,0x00000000e7e80000)
  from space 12800K, 98% used [0x00000000eaa80000,0x00000000eb6ce848,0x00000000eb700000)
  to   space 14848K, 0% used [0x00000000e9a00000,0x00000000e9a00000,0x00000000ea880000)
 ParOldGen       total 104448K, used 17511K [0x00000000a0000000, 0x00000000a6600000, 0x00000000e0000000)
  object space 104448K, 16% used [0x00000000a0000000,0x00000000a1119ef0,0x00000000a6600000)
 Metaspace       used 52557K, capacity 54488K, committed 54784K, reserved 1097728K
  class space    used 6987K, capacity 7368K, committed 7424K, reserved 1048576K
Event: 665.719 GC heap after
Heap after GC invocations=13 (full 2):
 PSYoungGen      total 166912K, used 14819K [0x00000000e0000000, 0x00000000ebb80000, 0x0000000100000000)
  eden space 152064K, 0% used [0x00000000e0000000,0x00000000e0000000,0x00000000e9480000)
  from space 14848K, 99% used [0x00000000e9a00000,0x00000000ea878c98,0x00000000ea880000)
  to   space 19456K, 0% used [0x00000000ea880000,0x00000000ea880000,0x00000000ebb80000)
 ParOldGen       total 104448K, used 27463K [0x00000000a0000000, 0x00000000a6600000, 0x00000000e0000000)
  object space 104448K, 26% used [0x00000000a0000000,0x00000000a1ad1d70,0x00000000a6600000)
 Metaspace       used 52557K, capacity 54488K, committed 54784K, reserved 1097728K
  class space    used 6987K, capacity 7368K, committed 7424K, reserved 1048576K
}
Event: 685.651 GC heap before
{Heap before GC invocations=14 (full 2):
 PSYoungGen      total 166912K, used 158005K [0x00000000e0000000, 0x00000000ebb80000, 0x0000000100000000)
  eden space 152064K, 94% used [0x00000000e0000000,0x00000000e8bd4868,0x00000000e9480000)
  from space 14848K, 99% used [0x00000000e9a00000,0x00000000ea878c98,0x00000000ea880000)
  to   space 19456K, 0% used [0x00000000ea880000,0x00000000ea880000,0x00000000ebb80000)
 ParOldGen       total 104448K, used 27463K [0x00000000a0000000, 0x00000000a6600000, 0x00000000e0000000)
  object space 104448K, 26% used [0x00000000a0000000,0x00000000a1ad1d70,0x00000000a6600000)
 Metaspace       used 56393K, capacity 59026K, committed 59136K, reserved 1099776K
  class space    used 7574K, capacity 8128K, committed 8192K, reserved 1048576K
Event: 685.681 GC heap after
Heap after GC invocations=14 (full 2):
 PSYoungGen      total 165888K, used 19444K [0x00000000e0000000, 0x00000000ec300000, 0x0000000100000000)
  eden space 146432K, 0% used [0x00000000e0000000,0x00000000e0000000,0x00000000e8f00000)
  from space 19456K, 99% used [0x00000000ea880000,0x00000000ebb7d218,0x00000000ebb80000)
  to   space 26112K, 0% used [0x00000000e8f00000,0x00000000e8f00000,0x00000000ea880000)
 ParOldGen       total 104448K, used 37474K [0x00000000a0000000, 0x00000000a6600000, 0x00000000e0000000)
  object space 104448K, 35% used [0x00000000a0000000,0x00000000a2498a20,0x00000000a6600000)
 Metaspace       used 56393K, capacity 59026K, committed 59136K, reserved 1099776K
  class space    used 7574K, capacity 8128K, committed 8192K, reserved 1048576K
}
Event: 685.681 GC heap before
{Heap before GC invocations=15 (full 3):
 PSYoungGen      total 165888K, used 19444K [0x00000000e0000000, 0x00000000ec300000, 0x0000000100000000)
  eden space 146432K, 0% used [0x00000000e0000000,0x00000000e0000000,0x00000000e8f00000)
  from space 19456K, 99% used [0x00000000ea880000,0x00000000ebb7d218,0x00000000ebb80000)
  to   space 26112K, 0% used [0x00000000e8f00000,0x00000000e8f00000,0x00000000ea880000)
 ParOldGen       total 104448K, used 37474K [0x00000000a0000000, 0x00000000a6600000, 0x00000000e0000000)
  object space 104448K, 35% used [0x00000000a0000000,0x00000000a2498a20,0x00000000a6600000)
 Metaspace       used 56393K, capacity 59026K, committed 59136K, reserved 1099776K
  class space    used 7574K, capacity 8128K, committed 8192K, reserved 1048576K
Event: 686.271 GC heap after
Heap after GC invocations=15 (full 3):
 PSYoungGen      total 165888K, used 0K [0x00000000e0000000, 0x00000000ec300000, 0x0000000100000000)
  eden space 146432K, 0% used [0x00000000e0000000,0x00000000e0000000,0x00000000e8f00000)
  from space 19456K, 0% used [0x00000000ea880000,0x00000000ea880000,0x00000000ebb80000)
  to   space 26112K, 0% used [0x00000000e8f00000,0x00000000e8f00000,0x00000000ea880000)
 ParOldGen       total 173568K, used 47960K [0x00000000a0000000, 0x00000000aa980000, 0x00000000e0000000)
  object space 173568K, 27% used [0x00000000a0000000,0x00000000a2ed6150,0x00000000aa980000)
 Metaspace       used 56393K, capacity 59026K, committed 59136K, reserved 1099776K
  class space    used 7574K, capacity 8128K, committed 8192K, reserved 1048576K
}
Event: 708.349 GC heap before
{Heap before GC invocations=16 (full 3):
 PSYoungGen      total 165888K, used 146432K [0x00000000e0000000, 0x00000000ec300000, 0x0000000100000000)
  eden space 146432K, 100% used [0x00000000e0000000,0x00000000e8f00000,0x00000000e8f00000)
  from space 19456K, 0% used [0x00000000ea880000,0x00000000ea880000,0x00000000ebb80000)
  to   space 26112K, 0% used [0x00000000e8f00000,0x00000000e8f00000,0x00000000ea880000)
 ParOldGen       total 173568K, used 47960K [0x00000000a0000000, 0x00000000aa980000, 0x00000000e0000000)
  object space 173568K, 27% used [0x00000000a0000000,0x00000000a2ed6150,0x00000000aa980000)
 Metaspace       used 59199K, capacity 61920K, committed 62208K, reserved 1103872K
  class space    used 7880K, capacity 8423K, committed 8448K, reserved 1048576K
Event: 708.406 GC heap after
Heap after GC invocations=16 (full 3):
 PSYoungGen      total 172544K, used 3933K [0x00000000e0000000, 0x00000000eda80000, 0x0000000100000000)
  eden space 146432K, 0% used [0x00000000e0000000,0x00000000e0000000,0x00000000e8f00000)
  from space 26112K, 15% used [0x00000000e8f00000,0x00000000e92d77a0,0x00000000ea880000)
  to   space 26112K, 0% used [0x00000000ec100000,0x00000000ec100000,0x00000000eda80000)
 ParOldGen       total 173568K, used 47968K [0x00000000a0000000, 0x00000000aa980000, 0x00000000e0000000)
  object space 173568K, 27% used [0x00000000a0000000,0x00000000a2ed8150,0x00000000aa980000)
 Metaspace       used 59199K, capacity 61920K, committed 62208K, reserved 1103872K
  class space    used 7880K, capacity 8423K, committed 8448K, reserved 1048576K
}
Event: 857.936 GC heap before
{Heap before GC invocations=17 (full 3):
 PSYoungGen      total 172544K, used 150365K [0x00000000e0000000, 0x00000000eda80000, 0x0000000100000000)
  eden space 146432K, 100% used [0x00000000e0000000,0x00000000e8f00000,0x00000000e8f00000)
  from space 26112K, 15% used [0x00000000e8f00000,0x00000000e92d77a0,0x00000000ea880000)
  to   space 26112K, 0% used [0x00000000ec100000,0x00000000ec100000,0x00000000eda80000)
 ParOldGen       total 173568K, used 47968K [0x00000000a0000000, 0x00000000aa980000, 0x00000000e0000000)
  object space 173568K, 27% used [0x00000000a0000000,0x00000000a2ed8150,0x00000000aa980000)
 Metaspace       used 64643K, capacity 67650K, committed 67968K, reserved 1107968K
  class space    used 8586K, capacity 9226K, committed 9344K, reserved 1048576K
Event: 857.957 GC heap after
Heap after GC invocations=17 (full 3):
 PSYoungGen      total 187392K, used 13007K [0x00000000e0000000, 0x00000000ed500000, 0x0000000100000000)
  eden space 166912K, 0% used [0x00000000e0000000,0x00000000e0000000,0x00000000ea300000)
  from space 20480K, 63% used [0x00000000ec100000,0x00000000ecdb3d78,0x00000000ed500000)
  to   space 25600K, 0% used [0x00000000ea300000,0x00000000ea300000,0x00000000ebc00000)
 ParOldGen       total 173568K, used 47976K [0x00000000a0000000, 0x00000000aa980000, 0x00000000e0000000)
  object space 173568K, 27% used [0x00000000a0000000,0x00000000a2eda150,0x00000000aa980000)
 Metaspace       used 64643K, capacity 67650K, committed 67968K, reserved 1107968K
  class space    used 8586K, capacity 9226K, committed 9344K, reserved 1048576K
}

Deoptimization events (10 events):
Event: 859.235 Thread 0x0000000019aad800 Uncommon trap: reason=unstable_if action=reinterpret pc=0x0000000004e598c8 method=com.sun.tools.javac.util.Convert.chars2utf([CI[BII)I @ 35
Event: 859.235 Thread 0x0000000019aad800 Uncommon trap: reason=unstable_if action=reinterpret pc=0x00000000046c988c method=com.sun.tools.javac.util.Convert.chars2utf([CI[BII)I @ 35
Event: 859.388 Thread 0x0000000019aad800 Uncommon trap: reason=bimorphic action=maybe_recompile pc=0x0000000005181aa8 method=com.sun.tools.javac.model.FilteredMemberList.unwanted(Lcom/sun/tools/javac/code/Symbol;)Z @ 5
Event: 859.388 Thread 0x0000000019aad800 Uncommon trap: reason=bimorphic action=maybe_recompile pc=0x0000000005181aa8 method=com.sun.tools.javac.model.FilteredMemberList.unwanted(Lcom/sun/tools/javac/code/Symbol;)Z @ 5
Event: 859.388 Thread 0x0000000019aad800 Uncommon trap: reason=bimorphic action=maybe_recompile pc=0x0000000005181aa8 method=com.sun.tools.javac.model.FilteredMemberList.unwanted(Lcom/sun/tools/javac/code/Symbol;)Z @ 5
Event: 859.568 Thread 0x0000000019aad800 Uncommon trap: reason=bimorphic action=maybe_recompile pc=0x0000000005181aa8 method=com.sun.tools.javac.model.FilteredMemberList.unwanted(Lcom/sun/tools/javac/code/Symbol;)Z @ 5
Event: 859.770 Thread 0x0000000019aad800 Uncommon trap: reason=class_check action=maybe_recompile pc=0x00000000051eca7c method=com.sun.tools.javac.comp.Attr.attribLazyConstantValue(Lcom/sun/tools/javac/comp/Env;Lcom/sun/tools/javac/tree/JCTree$JCVariableDecl;Lcom/sun/tools/javac/code/Type;)Ljava/MÎ¸ (ÞŠ@
Event: 859.770 Thread 0x0000000019aad800 Uncommon trap: reason=class_check action=maybe_recompile pc=0x00000000051eca7c method=com.sun.tools.javac.comp.Attr.attribLazyConstantValue(Lcom/sun/tools/javac/comp/Env;Lcom/sun/tools/javac/tree/JCTree$JCVariableDecl;Lcom/sun/tools/javac/code/Type;)Ljava/'å¹³(ÞŠ@
Event: 859.770 Thread 0x0000000019aad800 Uncommon trap: reason=class_check action=maybe_recompile pc=0x00000000051eca7c method=com.sun.tools.javac.comp.Attr.attribLazyConstantValue(Lcom/sun/tools/javac/comp/Env;Lcom/sun/tools/javac/tree/JCTree$JCVariableDecl;Lcom/sun/tools/javac/code/Type;)Ljava/»È(ÞŠ@
Event: 859.770 Thread 0x0000000019aad800 Uncommon trap: reason=class_check action=maybe_recompile pc=0x00000000051eca7c method=com.sun.tools.javac.comp.Attr.attribLazyConstantValue(Lcom/sun/tools/javac/comp/Env;Lcom/sun/tools/javac/tree/JCTree$JCVariableDecl;Lcom/sun/tools/javac/code/Type;)Ljava/Ô‡aXáÙŠ@

Internal exceptions (10 events):
Event: 854.410 Thread 0x0000000019aad800 Exception <a 'java/lang/ClassNotFoundException': com/android/build/gradle/tasks/CheckManifestInInstantRunMode_DecoratedBeanInfo> (0x00000000e4f95f00) thrown at [C:\src\android\AOSP-openjdk\external\jetbrains\jdk\hotspot\src\share\vm\classfile\systemDictionDíýH³Š@
Event: 854.410 Thread 0x0000000019aad800 Exception <a 'java/lang/ClassNotFoundException': com/android/build/gradle/tasks/CheckManifestInInstantRunModeBeanInfo> (0x00000000e4fab220) thrown at [C:\src\android\AOSP-openjdk\external\jetbrains\jdk\hotspot\src\share\vm\classfile\systemDictionary.cpp, lTÂrsI³Š@
Event: 854.411 Thread 0x0000000019aad800 Exception <a 'java/lang/ClassNotFoundException': com/android/build/gradle/tasks/CheckManifestInInstantRunModeCustomizer> (0x00000000e4fc09c0) thrown at [C:\src\android\AOSP-openjdk\external\jetbrains\jdk\hotspot\src\share\vm\classfile\systemDictionary.cpp,þh!O³Š@
Event: 854.414 Thread 0x0000000019aad800 Exception <a 'java/lang/ClassNotFoundException': com/android/build/gradle/tasks/CheckManifestInInstantRunMode_DecoratedCustomizer> (0x00000000e4fec840) thrown at [C:\src\android\AOSP-openjdk\external\jetbrains\jdk\hotspot\src\share\vm\classfile\systemDicti
Event: 854.434 Thread 0x0000000019aad800 Exception <a 'java/lang/ClassNotFoundException': com/android/build/gradle/tasks/fd/GenerateInstantRunAppInfoTask_DecoratedBeanInfo> (0x00000000e511b118) thrown at [C:\src\android\AOSP-openjdk\external\jetbrains\jdk\hotspot\src\share\vm\classfile\systemDict†Í)z³Š@
Event: 854.435 Thread 0x0000000019aad800 Exception <a 'java/lang/ClassNotFoundException': com/android/build/gradle/tasks/fd/GenerateInstantRunAppInfoTaskBeanInfo> (0x00000000e5130cb0) thrown at [C:\src\android\AOSP-openjdk\external\jetbrains\jdk\hotspot\src\share\vm\classfile\systemDictionary.cppmÿžýz³Š@
Event: 854.435 Thread 0x0000000019aad800 Exception <a 'java/lang/ClassNotFoundException': com/android/build/gradle/tasks/fd/GenerateInstantRunAppInfoTaskCustomizer> (0x00000000e5146cc0) thrown at [C:\src\android\AOSP-openjdk\external\jetbrains\jdk\hotspot\src\share\vm\classfile\systemDictionary.c2u~|³Š@
Event: 854.436 Thread 0x0000000019aad800 Exception <a 'java/lang/ClassNotFoundException': com/android/build/gradle/tasks/fd/GenerateInstantRunAppInfoTask_DecoratedCustomizer> (0x00000000e5172d08) thrown at [C:\src\android\AOSP-openjdk\external\jetbrains\jdk\hotspot\src\share\vm\classfile\systemDi^”UGµŠ@
Event: 854.660 Thread 0x0000000019aad800 Implicit null exception at 0x0000000003fcc4ba to 0x0000000003fcd79d
Event: 857.257 Thread 0x0000000019aad800 Implicit null exception at 0x0000000003277167 to 0x0000000003277f91

Events (10 events):
Event: 866.361 Thread 0x0000000019aad800 DEOPT PACKING pc=0x0000000005274e90 sp=0x000000002443b110
Event: 866.361 Thread 0x0000000019aad800 DEOPT UNPACKING pc=0x0000000002fd75bf sp=0x000000002443ae90 mode 0
Event: 867.627 Thread 0x000000001695c800 flushing nmethod 0x0000000003157410
Event: 867.633 Thread 0x0000000017c69000 flushing nmethod 0x00000000032dd050
Event: 867.647 Thread 0x000000001695c800 flushing nmethod 0x000000000340d210
Event: 867.848 Thread 0x0000000017c69000 flushing nmethod 0x00000000034e03d0
Event: 867.849 Thread 0x0000000017c69000 flushing nmethod 0x0000000003626b50
Event: 867.849 Thread 0x0000000017c69000 flushing nmethod 0x0000000003672a90
Event: 868.779 Thread 0x0000000017c69000 flushing nmethod 0x00000000039f7d90
Event: 869.103 Thread 0x000000001695c800 flushing nmethod 0x0000000003b45f50


Dynamic libraries:
0x00007ff63d340000 - 0x00007ff63d371000 	D:\AndroidStudio\AndroidStudioInstallation\jre\bin\java.exe
0x00007ff8daef0000 - 0x00007ff8db0d1000 	C:\WINDOWS\SYSTEM32\ntdll.dll
0x00007ff8d8f80000 - 0x00007ff8d9032000 	C:\WINDOWS\System32\KERNEL32.DLL
0x00007ff8d72c0000 - 0x00007ff8d7533000 	C:\WINDOWS\System32\KERNELBASE.dll
0x00007ff8daba0000 - 0x00007ff8dac41000 	C:\WINDOWS\System32\ADVAPI32.dll
0x00007ff8d8970000 - 0x00007ff8d8a0e000 	C:\WINDOWS\System32\msvcrt.dll
0x00007ff8d8380000 - 0x00007ff8d83db000 	C:\WINDOWS\System32\sechost.dll
0x00007ff8d83e0000 - 0x00007ff8d8504000 	C:\WINDOWS\System32\RPCRT4.dll
0x00007ff8dac50000 - 0x00007ff8dade0000 	C:\WINDOWS\System32\USER32.dll
0x00007ff8d80c0000 - 0x00007ff8d80e0000 	C:\WINDOWS\System32\win32u.dll
0x00007ff8dae80000 - 0x00007ff8daea8000 	C:\WINDOWS\System32\GDI32.dll
0x00007ff8d80e0000 - 0x00007ff8d8272000 	C:\WINDOWS\System32\gdi32full.dll
0x00007ff8d7c50000 - 0x00007ff8d7cef000 	C:\WINDOWS\System32\msvcp_win.dll
0x00007ff8d7fc0000 - 0x00007ff8d80ba000 	C:\WINDOWS\System32\ucrtbase.dll
0x00007ff8cd000000 - 0x00007ff8cd269000 	C:\WINDOWS\WinSxS\amd64_microsoft.windows.common-controls_6595b64144ccf1df_6.0.17134.228_none_fb4599993062b194\COMCTL32.dll
0x00007ff8d93c0000 - 0x00007ff8d96e3000 	C:\WINDOWS\System32\combase.dll
0x00007ff8d7d50000 - 0x00007ff8d7dca000 	C:\WINDOWS\System32\bcryptPrimitives.dll
0x00007ff8d8ec0000 - 0x00007ff8d8eed000 	C:\WINDOWS\System32\IMM32.DLL
0x0000000058970000 - 0x0000000058a42000 	D:\AndroidStudio\AndroidStudioInstallation\jre\jre\bin\msvcr100.dll
0x0000000057a30000 - 0x000000005826c000 	D:\AndroidStudio\AndroidStudioInstallation\jre\jre\bin\server\jvm.dll
0x00007ff8d8960000 - 0x00007ff8d8968000 	C:\WINDOWS\System32\PSAPI.DLL
0x00007ff8c9b50000 - 0x00007ff8c9b73000 	C:\WINDOWS\SYSTEM32\WINMM.dll
0x00007ff8cd280000 - 0x00007ff8cd28a000 	C:\WINDOWS\SYSTEM32\VERSION.dll
0x00007ff8c4cc0000 - 0x00007ff8c4cc9000 	C:\WINDOWS\SYSTEM32\WSOCK32.dll
0x00007ff8d8f10000 - 0x00007ff8d8f7c000 	C:\WINDOWS\System32\WS2_32.dll
0x00007ff8cc200000 - 0x00007ff8cc22a000 	C:\WINDOWS\SYSTEM32\WINMMBASE.dll
0x00007ff8d8280000 - 0x00007ff8d82c9000 	C:\WINDOWS\System32\cfgmgr32.dll
0x00007ff8d2090000 - 0x00007ff8d209f000 	D:\AndroidStudio\AndroidStudioInstallation\jre\jre\bin\verify.dll
0x00007ff8d1eb0000 - 0x00007ff8d1ed9000 	D:\AndroidStudio\AndroidStudioInstallation\jre\jre\bin\java.dll
0x00007ff8ce6d0000 - 0x00007ff8ce6e6000 	D:\AndroidStudio\AndroidStudioInstallation\jre\jre\bin\zip.dll
0x00007ff8d9750000 - 0x00007ff8dab90000 	C:\WINDOWS\System32\SHELL32.dll
0x00007ff8d9220000 - 0x00007ff8d92c9000 	C:\WINDOWS\System32\shcore.dll
0x00007ff8d7540000 - 0x00007ff8d7c4d000 	C:\WINDOWS\System32\windows.storage.dll
0x00007ff8d96f0000 - 0x00007ff8d9741000 	C:\WINDOWS\System32\shlwapi.dll
0x00007ff8d7280000 - 0x00007ff8d7291000 	C:\WINDOWS\System32\kernel.appcore.dll
0x00007ff8d7260000 - 0x00007ff8d727f000 	C:\WINDOWS\System32\profapi.dll
0x00007ff8d7210000 - 0x00007ff8d725c000 	C:\WINDOWS\System32\powrprof.dll
0x00007ff8d7200000 - 0x00007ff8d720a000 	C:\WINDOWS\System32\FLTLIB.DLL
0x00007ff8cbc20000 - 0x00007ff8cbc3a000 	D:\AndroidStudio\AndroidStudioInstallation\jre\jre\bin\net.dll
0x00007ff8d6a00000 - 0x00007ff8d6a66000 	C:\WINDOWS\system32\mswsock.dll
0x00007ff8ca8d0000 - 0x00007ff8ca8e1000 	D:\AndroidStudio\AndroidStudioInstallation\jre\jre\bin\nio.dll
0x00007ff8c7360000 - 0x00007ff8c737e000 	D:\AndroidStudio\Cache\.gradle\native\23\windows-amd64\native-platform.dll
0x00007ff8d6bb0000 - 0x00007ff8d6bc7000 	C:\WINDOWS\SYSTEM32\CRYPTSP.dll
0x00007ff8d65e0000 - 0x00007ff8d6613000 	C:\WINDOWS\system32\rsaenh.dll
0x00007ff8d6ce0000 - 0x00007ff8d6d05000 	C:\WINDOWS\SYSTEM32\bcrypt.dll
0x00007ff8d7130000 - 0x00007ff8d7158000 	C:\WINDOWS\SYSTEM32\USERENV.dll
0x00007ff8d6bd0000 - 0x00007ff8d6bdb000 	C:\WINDOWS\SYSTEM32\CRYPTBASE.dll
0x00007ff8d6780000 - 0x00007ff8d67b8000 	C:\WINDOWS\SYSTEM32\IPHLPAPI.DLL
0x00007ff8daeb0000 - 0x00007ff8daeb8000 	C:\WINDOWS\System32\NSI.dll
0x00007ff8d0910000 - 0x00007ff8d0926000 	C:\WINDOWS\SYSTEM32\dhcpcsvc6.DLL
0x00007ff8d08d0000 - 0x00007ff8d08ea000 	C:\WINDOWS\SYSTEM32\dhcpcsvc.DLL
0x00007ff8d2080000 - 0x00007ff8d208d000 	D:\AndroidStudio\AndroidStudioInstallation\jre\jre\bin\management.dll
0x00007ff8d4de0000 - 0x00007ff8d4e6b000 	C:\WINDOWS\system32\apphelp.dll

VM Arguments:
jvm_args: -Xmx1536m -Dfile.encoding=GBK -Duser.country=CN -Duser.language=zh -Duser.variant 
java_command: org.gradle.launcher.daemon.bootstrap.GradleDaemon 3.3
java_class_path (initial): D:\AndroidStudio\Cache\.gradle\wrapper\dists\gradle-3.3-all\55gk2rcmfc6p2dg9u9ohc3hw9\gradle-3.3\lib\gradle-launcher-3.3.jar
Launcher Type: SUN_STANDARD

Environment Variables:
JAVA_HOME=D:\IntelliJ IDEA\JDK
CLASSPATH=;D:\IntelliJ IDEA\JDK\lib\dt.jar;D:\IntelliJ IDEA\JDK\lib\tools.jar;
PATH=D:\Python\Scripts\;D:\Python\;C:\Program Files (x86)\Intel\iCLS Client\;C:\Program Files\Intel\iCLS Client\;C:\WINDOWS\system32;C:\WINDOWS;C:\WINDOWS\System32\Wbem;C:\WINDOWS\System32\WindowsPowerShell\v1.0\;C:\Program Files (x86)\Intel\Intel(R) Management Engine Components\DAL;C:\Program Files\Intel\Intel(R) Management Engine Components\DAL;C:\Program Files (x86)\Intel\Intel(R) Management Engine Components\IPT;C:\Program Files\Intel\Intel(R) Management Engine Components\IPT;C:\Program Files (x86)\Windows Kits\8.1\Windows Performance Toolkit\;C:\Program Files\Microsoft SQL Server\110\Tools\Binn\;D:\Matlab\runtime\win64;D:\Matlab\bin;D:\Matlab\polyspace\bin;D:\Git\cmd;D:\NodeJS\;C:\WINDOWS\System32\OpenSSH\;C:\Program Files\Intel\WiFi\bin\;C:\Program Files\Common Files\Intel\WirelessCommon\;C:\Program Files (x86)\Microsoft SQL Server\140\Tools\Binn\;C:\Program Files\Microsoft SQL Server\140\Tools\Binn\;C:\Program Files (x86)\Microsoft SQL Server\140\DTS\Binn\;C:\Program Files\Microsoft SQL Server\140\DTS\Binn\;C:\Program Files\Microsoft SQL Server\Client SDK\ODBC\130\Tools\Binn\;C:\Program Files (x86)\Microsoft SQL Server\Client SDK\ODBC\130\Tools\Binn\;C:\Program Files (x86)\Microsoft SQL Server\140\Tools\Binn\ManagementStudio\;D:\Anaconda;D:\Anaconda\Library\mingw-w64\bin;D:\Anaconda\Library\usr\bin;D:\Anaconda\Library\bin;D:\Anaconda\Scripts;D:\IntelliJ IDEA\JDK\bin;D:\IntelliJ IDEA\JDK\jre\bin;C:\Users\dell\AppData\Local\Microsoft\WindowsApps;C:\Users\dell\AppData\Local\GitHubDesktop\bin;C:\Users\dell\AppData\Roaming\npm;C:\Users\dell\AppData\Local\Microsoft\WindowsApps;D:\CodeBlocks\MinGW\bin;
USERNAME=dell
OS=Windows_NT
PROCESSOR_IDENTIFIER=Intel64 Family 6 Model 142 Stepping 9, GenuineIntel



---------------  S Y S T E M  ---------------

OS: Windows 10.0 , 64 bit Build 17134 (10.0.17134.1)

CPU:total 4 (2 cores per cpu, 2 threads per core) family 6 model 142 stepping 9, cmov, cx8, fxsr, mmx, sse, sse2, sse3, ssse3, sse4.1, sse4.2, popcnt, avx, avx2, aes, clmul, erms, 3dnowpref, lzcnt, ht, tsc, tscinvbit, bmi1, bmi2, adx

Memory: 4k page, physical 8255388k(628916k free), swap 9303964k(8k free)

vm_info: OpenJDK 64-Bit Server VM (25.112-b06) for windows-amd64 JRE (1.8.0_112-release-b06), built on Dec  8 2016 00:54:26 by "builder" with MS VC++ 10.0 (VS2010)

time: Tue Sep 18 18:24:36 2018
elapsed time: 869 seconds (0d 0h 14m 29s)

